Build started 13/03/2015 4:12:01 PM.
     1>Project "C:\Users\Zac\Desktop\HellOpenGL\Practice-collision\HellOpenGL.vcxproj" on node 2 (Build target(s)).
     1>ClCompile:
         C:\Program Files (x86)\Microsoft Visual Studio 12.0\VC\bin\CL.exe /c /I./dep/inc /ZI /nologo /W3 /WX- /sdl /Od /Oy- /D _MBCS /Gm /EHsc /RTC1 /MDd /GS /fp:precise /Zc:wchar_t /Zc:forScope /Fo"Debug\\" /Fd"Debug\vc120.pdb" /Gd /TP /analyze- /errorReport:prompt main.cpp
         main.cpp
     1>c:\users\zac\desktop\hellopengl\practice-collision\input.h(19): warning C4800: 'int' : forcing value to bool 'true' or 'false' (performance warning)
     1>c:\users\zac\desktop\hellopengl\practice-collision\input.h(22): warning C4800: 'int' : forcing value to bool 'true' or 'false' (performance warning)
     1>c:\users\zac\desktop\hellopengl\practice-collision\input.h(38): warning C4800: 'int' : forcing value to bool 'true' or 'false' (performance warning)
     1>c:\users\zac\desktop\hellopengl\practice-collision\input.h(48): warning C4800: 'int' : forcing value to bool 'true' or 'false' (performance warning)
     1>c:\users\zac\desktop\hellopengl\practice-collision\time.h(12): warning C4244: 'initializing' : conversion from 'double' to 'float', possible loss of data
     1>c:\users\zac\desktop\hellopengl\practice-collision\transform.h(5): warning C4018: '<' : signed/unsigned mismatch
     1>c:\users\zac\desktop\hellopengl\practice-collision\rigidbody.h(6): warning C4018: '<' : signed/unsigned mismatch
     1>c:\users\zac\desktop\hellopengl\practice-collision\render.h(4): warning C4018: '<' : signed/unsigned mismatch
     1>c:\users\zac\desktop\hellopengl\practice-collision\controller.h(4): warning C4018: '<' : signed/unsigned mismatch
     1>c:\users\zac\desktop\hellopengl\practice-collision\collider.h(6): warning C4018: '<' : signed/unsigned mismatch
     1>c:\users\zac\desktop\hellopengl\practice-collision\dependent.h(5): warning C4018: '<' : signed/unsigned mismatch
     1>c:\users\zac\desktop\hellopengl\practice-collision\lifetime.h(4): warning C4018: '<' : signed/unsigned mismatch
     1>c:\users\zac\desktop\hellopengl\practice-collision\factory.h(13): warning C4018: '<' : signed/unsigned mismatch
     1>c:\users\zac\desktop\hellopengl\practice-collision\factory.h(26): warning C4018: '<' : signed/unsigned mismatch
     1>c:\users\zac\desktop\hellopengl\practice-collision\factory.h(197): warning C4244: 'argument' : conversion from 'int' to 'float', possible loss of data
     1>c:\users\zac\desktop\hellopengl\practice-collision\camera.h(19): warning C4244: 'argument' : conversion from 'int' to 'float', possible loss of data
     1>c:\users\zac\desktop\hellopengl\practice-collision\systemdef.h(17): warning C4018: '<' : signed/unsigned mismatch
     1>c:\users\zac\desktop\hellopengl\practice-collision\collisiondetection.h(33): warning C4018: '<' : signed/unsigned mismatch
     1>c:\users\zac\desktop\hellopengl\practice-collision\collisionprep.h(9): warning C4800: 'Collider *' : forcing value to bool 'true' or 'false' (performance warning)
     1>c:\users\zac\desktop\hellopengl\practice-collision\main.cpp(74): warning C4244: 'argument' : conversion from 'int' to 'float', possible loss of data
     1>c:\users\zac\desktop\hellopengl\practice-collision\main.cpp(75): warning C4244: 'argument' : conversion from 'int' to 'float', possible loss of data
     1>c:\users\zac\desktop\hellopengl\practice-collision\main.cpp(76): warning C4244: 'argument' : conversion from 'int' to 'float', possible loss of data
     1>c:\users\zac\desktop\hellopengl\practice-collision\main.cpp(77): warning C4244: 'argument' : conversion from 'int' to 'float', possible loss of data
     1>c:\users\zac\desktop\hellopengl\practice-collision\main.cpp(80): warning C4244: 'argument' : conversion from 'int' to 'float', possible loss of data
     1>c:\users\zac\desktop\hellopengl\practice-collision\main.cpp(82): warning C4244: 'argument' : conversion from 'int' to 'float', possible loss of data
     1>c:\users\zac\desktop\hellopengl\practice-collision\main.cpp(83): warning C4244: 'argument' : conversion from 'int' to 'float', possible loss of data
       Link:
         C:\Program Files (x86)\Microsoft Visual Studio 12.0\VC\bin\link.exe /ERRORREPORT:PROMPT /OUT:"C:\Users\Zac\Desktop\HellOpenGL\Practice-collision\Debug\HellOpenGL.exe" /INCREMENTAL /NOLOGO /LIBPATH:./dep/lib opengl32.lib glew32.lib glew32s.lib glew32mx.lib glew32mxs.lib glfw3.lib kernel32.lib user32.lib gdi32.lib winspool.lib comdlg32.lib advapi32.lib shell32.lib ole32.lib oleaut32.lib uuid.lib odbc32.lib odbccp32.lib /MANIFEST /MANIFESTUAC:"level='asInvoker' uiAccess='false'" /manifest:embed /DEBUG /PDB:"C:\Users\Zac\Desktop\HellOpenGL\Practice-collision\Debug\HellOpenGL.pdb" /TLBID:1 /DYNAMICBASE /NXCOMPAT /IMPLIB:"C:\Users\Zac\Desktop\HellOpenGL\Practice-collision\Debug\HellOpenGL.lib" /MACHINE:X86 Debug\Asset.obj
         Debug\ccollisonutils.obj
         Debug\cmathutils.obj
         Debug\crenderutils.obj
         Debug\main.obj
         HellOpenGL.vcxproj -> C:\Users\Zac\Desktop\HellOpenGL\Practice-collision\Debug\HellOpenGL.exe
     1>Done Building Project "C:\Users\Zac\Desktop\HellOpenGL\Practice-collision\HellOpenGL.vcxproj" (Build target(s)).

Build succeeded.

Time Elapsed 00:00:02.60
